2018-01-10 03:31:14 +0000  Initial pipeline context: <IDEDistributionProcessingPipelineContext: 0x7fa4b116b940; archive(resolved)='<IDEArchive: 0x7fa4a48950b0>', distributionTask(resolved)='2', distributionMethod(resolved)='<IDEDistributionMethodiOSEnterprise: 0x7fa4a3a06770>', team(resolved)='<IDEProvisioningBasicTeam 0x7fa4cdc223c0: teamID: LA39SL2BKA, teamName: Tibetairlines Co., Ltd.>'>
	Chain (11, self inclusive):
	<IDEDistributionProcessingPipelineContext: 0x7fa4b116b940; archive = '<IDEArchive: 0x7fa4a48950b0>', distributionMethod='<IDEDistributionMethodiOSEnterprise: 0x7fa4a3a06770>', team='<IDEProvisioningBasicTeam 0x7fa4cdc223c0: teamID: LA39SL2BKA, teamName: Tibetairlines Co., Ltd.>'>
	<IDEDistributionProcessingPipelineContext: 0x7fa49372d2f0; archive = '<IDEArchive: 0x7fa4a48950b0>', distributionMethod='<IDEDistributionMethodiOSEnterprise: 0x7fa4a3a06770>', team='<IDEProvisioningBasicTeam 0x7fa4cdc223c0: teamID: LA39SL2BKA, teamName: Tibetairlines Co., Ltd.>'>
	<IDEDistributionContext: 0x7fa4b11ced20; archive = '<IDEArchive: 0x7fa4a48950b0>', distributionMethod='<IDEDistributionMethodiOSEnterprise: 0x7fa4a3a06770>', team='<IDEProvisioningBasicTeam 0x7fa4cdc223c0: teamID: LA39SL2BKA, teamName: Tibetairlines Co., Ltd.>'>
	<IDEDistributionContext: 0x7fa4b02f4c80; archive = '<IDEArchive: 0x7fa4a48950b0>', distributionMethod='<IDEDistributionMethodiOSEnterprise: 0x7fa4a3a06770>', team='<IDEProvisioningBasicTeam 0x7fa4cdc223c0: teamID: LA39SL2BKA, teamName: Tibetairlines Co., Ltd.>'>
	<IDEDistributionContext: 0x7fa4b0286950; archive = '<IDEArchive: 0x7fa4a48950b0>', distributionMethod='<IDEDistributionMethodiOSEnterprise: 0x7fa4a3a06770>', team='<IDEProvisioningBasicTeam 0x7fa4cdc223c0: teamID: LA39SL2BKA, teamName: Tibetairlines Co., Ltd.>'>
	<IDEDistributionContext: 0x7fa4c20b8070; archive = '<IDEArchive: 0x7fa4a48950b0>', distributionMethod='<IDEDistributionMethodiOSEnterprise: 0x7fa4a3a06770>', team='<IDEProvisioningBasicTeam 0x7fa4cdc223c0: teamID: LA39SL2BKA, teamName: Tibetairlines Co., Ltd.>'>
	<IDEDistributionContext: 0x7fa4c20c1a40; archive = '<IDEArchive: 0x7fa4a48950b0>', distributionMethod='<IDEDistributionMethodiOSEnterprise: 0x7fa4a3a06770>', team='<IDEProvisioningBasicTeam 0x7fa4cdc223c0: teamID: LA39SL2BKA, teamName: Tibetairlines Co., Ltd.>'>
	<IDEDistributionContext: 0x7fa4cdc5aca0; archive = '<IDEArchive: 0x7fa4a48950b0>', distributionMethod='<IDEDistributionMethodiOSEnterprise: 0x7fa4a3a06770>', team='<IDEProvisioningBasicTeam 0x7fa4cdc223c0: teamID: LA39SL2BKA, teamName: Tibetairlines Co., Ltd.>'>
	<IDEDistributionContext: 0x7fa49350c430; archive = '<IDEArchive: 0x7fa4a48950b0>', distributionMethod='<IDEDistributionMethodiOSEnterprise: 0x7fa4a3a06770>', team='<IDEProvisioningBasicTeam 0x7fa4cdc223c0: teamID: LA39SL2BKA, teamName: Tibetairlines Co., Ltd.>'>
	<IDEDistributionContext: 0x7fa4a34c2760; archive = '<IDEArchive: 0x7fa4a48950b0>', distributionMethod='<IDEDistributionMethodiOSEnterprise: 0x7fa4a3a06770>', team='(null)'>
	<IDEDistributionContext: 0x7fa4a55beea0; archive = '<IDEArchive: 0x7fa4a48950b0>', distributionMethod='(null)', team='(null)'>
</IDEDistributionProcessingPipelineContext: 0x7fa4b116b940>
2018-01-10 03:31:14 +0000  Processing step: IDEDistributionCreateDestRootStep
2018-01-10 03:31:14 +0000  Processing step: IDEDistributionCopyItemStep
2018-01-10 03:31:14 +0000  Running /usr/bin/ditto '-V' '/Users/lihaoran/Library/Developer/Xcode/Archives/2018-01-10/DvaStarter 10-01-2018, 11.19 AM.xcarchive/Products/Applications/DvaStarter.app' '/var/folders/fz/s6936ywn5n5grmvj3053_fww0000gp/T/XcodeDistPipeline.ml4/Root/Payload/DvaStarter.app'
2018-01-10 03:31:14 +0000  >>> Copying /Users/lihaoran/Library/Developer/Xcode/Archives/2018-01-10/DvaStarter 10-01-2018, 11.19 AM.xcarchive/Products/Applications/DvaStarter.app 
2018-01-10 03:31:14 +0000  copying file ./_CodeSignature/CodeResources ... 
2018-01-10 03:31:14 +0000  38327 bytes for ./_CodeSignature/CodeResources
2018-01-10 03:31:14 +0000  copying file ./Octicons.ttf ... 
2018-01-10 03:31:14 +0000  27512 bytes for ./Octicons.ttf
2018-01-10 03:31:14 +0000  copying file ./Feather.ttf ... 
2018-01-10 03:31:14 +0000  41648 bytes for ./Feather.ttf
2018-01-10 03:31:14 +0000  copying file ./Entypo.ttf ... 
2018-01-10 03:31:14 +0000  65584 bytes for ./Entypo.ttf
2018-01-10 03:31:14 +0000  copying file ./MaterialCommunityIcons.ttf ... 
2018-01-10 03:31:14 +0000  292556 bytes for ./MaterialCommunityIcons.ttf
2018-01-10 03:31:14 +0000  copying file ./Foundation.ttf ... 
2018-01-10 03:31:14 +0000  56976 bytes for ./Foundation.ttf
copying file ./Ionicons.ttf ... 
2018-01-10 03:31:14 +0000  143936 bytes for ./Ionicons.ttf
2018-01-10 03:31:14 +0000  copying file ./AppIcon60x60@3x.png ... 
2018-01-10 03:31:14 +0000  14881 bytes for ./AppIcon60x60@3x.png
2018-01-10 03:31:14 +0000  copying file ./Base.lproj/LaunchScreen.nib ... 
2018-01-10 03:31:14 +0000  1658 bytes for ./Base.lproj/LaunchScreen.nib
2018-01-10 03:31:14 +0000  copying file ./FontAwesome.ttf ... 
2018-01-10 03:31:14 +0000  165548 bytes for ./FontAwesome.ttf
2018-01-10 03:31:14 +0000  copying file ./archived-expanded-entitlements.xcent ... 
2018-01-10 03:31:14 +0000  246 bytes for ./archived-expanded-entitlements.xcent
2018-01-10 03:31:14 +0000  copying file ./Zocial.ttf ... 
2018-01-10 03:31:14 +0000  25552 bytes for ./Zocial.ttf
2018-01-10 03:31:14 +0000  copying file ./DvaStarter ... 
2018-01-10 03:31:14 +0000  6412048 bytes for ./DvaStarter
2018-01-10 03:31:14 +0000  copying file ./Assets.car ... 
2018-01-10 03:31:14 +0000  56728 bytes for ./Assets.car
2018-01-10 03:31:14 +0000  copying file ./main.jsbundle.meta ... 
2018-01-10 03:31:14 +0000  21 bytes for ./main.jsbundle.meta
2018-01-10 03:31:14 +0000  copying file ./EvilIcons.ttf ... 
2018-01-10 03:31:14 +0000  13128 bytes for ./EvilIcons.ttf
2018-01-10 03:31:14 +0000  copying file ./main.jsbundle ... 
2018-01-10 03:31:14 +0000  2018712 bytes for ./main.jsbundle
2018-01-10 03:31:14 +0000  copying file ./SimpleLineIcons.ttf ... 
2018-01-10 03:31:14 +0000  54056 bytes for ./SimpleLineIcons.ttf
2018-01-10 03:31:14 +0000  copying file ./embedded.mobileprovision ... 
2018-01-10 03:31:14 +0000  9707 bytes for ./embedded.mobileprovision
2018-01-10 03:31:14 +0000  copying file ./assets/app/res/images/Home/home_bg@2x.png ... 
2018-01-10 03:31:14 +0000  10270 bytes for ./assets/app/res/images/Home/home_bg@2x.png
copying file ./assets/app/res/images/Home/up@2x.png ... 
2018-01-10 03:31:14 +0000  1775 bytes for ./assets/app/res/images/Home/up@2x.png
2018-01-10 03:31:14 +0000  copying file ./assets/app/res/images/Home/home_income@2x.png ... 
2018-01-10 03:31:14 +0000  1528 bytes for ./assets/app/res/images/Home/home_income@2x.png
2018-01-10 03:31:14 +0000  copying file ./assets/app/res/images/Home/home_message@2x.png ... 
2018-01-10 03:31:14 +0000  1940 bytes for ./assets/app/res/images/Home/home_message@2x.png
2018-01-10 03:31:14 +0000  copying file ./assets/app/res/images/Home/Delete.png ... 
2018-01-10 03:31:14 +0000  2512 bytes for ./assets/app/res/images/Home/Delete.png
2018-01-10 03:31:14 +0000  copying file ./assets/app/res/images/Home/home_accumulate@2x.png ... 
2018-01-10 03:31:14 +0000  1779 bytes for ./assets/app/res/images/Home/home_accumulate@2x.png
2018-01-10 03:31:14 +0000  copying file ./assets/app/res/images/Comment/comment_unselected@2x.png ... 
2018-01-10 03:31:14 +0000  1115 bytes for ./assets/app/res/images/Comment/comment_unselected@2x.png
2018-01-10 03:31:14 +0000  copying file ./assets/app/res/images/Comment/star_select_l@2x.png ... 
2018-01-10 03:31:14 +0000  1793 bytes for ./assets/app/res/images/Comment/star_select_l@2x.png
copying file ./assets/app/res/images/Comment/star_unselect_l@2x.png ... 
2018-01-10 03:31:14 +0000  2320 bytes for ./assets/app/res/images/Comment/star_unselect_l@2x.png
2018-01-10 03:31:14 +0000  copying file ./assets/app/res/images/Comment/comment_selected@2x.png ... 
2018-01-10 03:31:14 +0000  1461 bytes for ./assets/app/res/images/Comment/comment_selected@2x.png
2018-01-10 03:31:14 +0000  copying file ./assets/app/res/images/Comment/comment_header@2x.png ... 
2018-01-10 03:31:14 +0000  1569 bytes for ./assets/app/res/images/Comment/comment_header@2x.png
2018-01-10 03:31:14 +0000  copying file ./assets/app/res/images/Comment/star_unselect_s@2x.png ... 
2018-01-10 03:31:14 +0000  1667 bytes for ./assets/app/res/images/Comment/star_unselect_s@2x.png
copying file ./assets/app/res/images/Comment/index_comment@2x.png ... 
2018-01-10 03:31:14 +0000  8739 bytes for ./assets/app/res/images/Comment/index_comment@2x.png
2018-01-10 03:31:14 +0000  copying file ./assets/app/res/images/Comment/star_select_s@2x.png ... 
2018-01-10 03:31:14 +0000  1491 bytes for ./assets/app/res/images/Comment/star_select_s@2x.png
2018-01-10 03:31:14 +0000  copying file ./assets/app/res/images/Figure/FigureDetail/uncollection@2x.png ... 
2018-01-10 03:31:14 +0000  1679 bytes for ./assets/app/res/images/Figure/FigureDetail/uncollection@2x.png
2018-01-10 03:31:14 +0000  copying file ./assets/app/res/images/Figure/FigureDetail/explain@2x.png ... 
2018-01-10 03:31:14 +0000  1787 bytes for ./assets/app/res/images/Figure/FigureDetail/explain@2x.png
2018-01-10 03:31:14 +0000  copying file ./assets/app/res/images/Figure/FigureDetail/collection@2x.png ... 
2018-01-10 03:31:14 +0000  1789 bytes for ./assets/app/res/images/Figure/FigureDetail/collection@2x.png
2018-01-10 03:31:14 +0000  copying file ./assets/app/res/images/Tab/tab_profile_unselect@2x.png ... 
2018-01-10 03:31:14 +0000  1890 bytes for ./assets/app/res/images/Tab/tab_profile_unselect@2x.png
2018-01-10 03:31:14 +0000  copying file ./assets/app/res/images/Tab/tab_home_select@2x.png ... 
2018-01-10 03:31:14 +0000  15141 bytes for ./assets/app/res/images/Tab/tab_home_select@2x.png
2018-01-10 03:31:14 +0000  copying file ./assets/app/res/images/Tab/tab_report_unselect@2x.png ... 
2018-01-10 03:31:14 +0000  1974 bytes for ./assets/app/res/images/Tab/tab_report_unselect@2x.png
2018-01-10 03:31:14 +0000  copying file ./assets/app/res/images/Tab/tab_profile_select@2x.png ... 
2018-01-10 03:31:14 +0000  15118 bytes for ./assets/app/res/images/Tab/tab_profile_select@2x.png
2018-01-10 03:31:14 +0000  copying file ./assets/app/res/images/Tab/tab_report_select@2x.png ... 
2018-01-10 03:31:14 +0000  1656 bytes for ./assets/app/res/images/Tab/tab_report_select@2x.png
2018-01-10 03:31:14 +0000  copying file ./assets/app/res/images/Tab/tab_group_select@2x.png ... 
2018-01-10 03:31:14 +0000  1388 bytes for ./assets/app/res/images/Tab/tab_group_select@2x.png
copying file ./assets/app/res/images/Tab/tab_group_unselect@2x.png ... 
2018-01-10 03:31:14 +0000  1543 bytes for ./assets/app/res/images/Tab/tab_group_unselect@2x.png
2018-01-10 03:31:14 +0000  copying file ./assets/app/res/images/Tab/tab_home_unselect@2x.png ... 
2018-01-10 03:31:14 +0000  1596 bytes for ./assets/app/res/images/Tab/tab_home_unselect@2x.png
2018-01-10 03:31:14 +0000  copying file ./assets/app/res/images/Profile/profile_clear@2x.png ... 
2018-01-10 03:31:14 +0000  2352 bytes for ./assets/app/res/images/Profile/profile_clear@2x.png
2018-01-10 03:31:14 +0000  copying file ./assets/app/res/images/Profile/profile_gesture@2x.png ... 
2018-01-10 03:31:14 +0000  2590 bytes for ./assets/app/res/images/Profile/profile_gesture@2x.png
2018-01-10 03:31:14 +0000  copying file ./assets/app/res/images/Profile/profile_version@2x.png ... 
2018-01-10 03:31:14 +0000  2249 bytes for ./assets/app/res/images/Profile/profile_version@2x.png
2018-01-10 03:31:14 +0000  copying file ./assets/app/res/images/Profile/profile_user@2x.png ... 
2018-01-10 03:31:14 +0000  1777 bytes for ./assets/app/res/images/Profile/profile_user@2x.png
2018-01-10 03:31:14 +0000  copying file ./assets/app/res/images/Mine/qr_code@2x.png ... 
2018-01-10 03:31:14 +0000  14281 bytes for ./assets/app/res/images/Mine/qr_code@2x.png
2018-01-10 03:31:14 +0000  copying file ./assets/app/res/images/Mine/gesture_back@2x.png ... 
2018-01-10 03:31:14 +0000  1481 bytes for ./assets/app/res/images/Mine/gesture_back@2x.png
2018-01-10 03:31:14 +0000  copying file ./assets/app/res/images/Mine/mine_version@2x.png ... 
2018-01-10 03:31:14 +0000  18329 bytes for ./assets/app/res/images/Mine/mine_version@2x.png
2018-01-10 03:31:14 +0000  copying file ./assets/app/res/images/Mine/gesture_password@2x.png ... 
2018-01-10 03:31:14 +0000  25665 bytes for ./assets/app/res/images/Mine/gesture_password@2x.png
2018-01-10 03:31:14 +0000  copying file ./assets/app/res/images/Report/cellBoarderInnerShadow@2x.png ... 
2018-01-10 03:31:14 +0000  5735 bytes for ./assets/app/res/images/Report/cellBoarderInnerShadow@2x.png
2018-01-10 03:31:14 +0000  copying file ./assets/app/res/images/Report/Alarm/alarm_detail@2x.png ... 
2018-01-10 03:31:14 +0000  4696 bytes for ./assets/app/res/images/Report/Alarm/alarm_detail@2x.png
2018-01-10 03:31:14 +0000  copying file ./assets/app/res/images/Report/Alarm/alarm_high@2x.png ... 
2018-01-10 03:31:14 +0000  3180 bytes for ./assets/app/res/images/Report/Alarm/alarm_high@2x.png
2018-01-10 03:31:14 +0000  copying file ./assets/app/res/images/Report/Alarm/alarm@2x.png ... 
2018-01-10 03:31:14 +0000  2900 bytes for ./assets/app/res/images/Report/Alarm/alarm@2x.png
2018-01-10 03:31:14 +0000  copying file ./assets/app/res/images/Report/Alarm/alarm_low@2x.png ... 
2018-01-10 03:31:14 +0000  3580 bytes for ./assets/app/res/images/Report/Alarm/alarm_low@2x.png
2018-01-10 03:31:14 +0000  copying file ./assets/app/res/images/Report/Alarm/alarm_zero@2x.png ... 
2018-01-10 03:31:14 +0000  3788 bytes for ./assets/app/res/images/Report/Alarm/alarm_zero@2x.png
2018-01-10 03:31:14 +0000  copying file ./assets/app/res/images/Report/boarderInnerShadow@2x.png ... 
2018-01-10 03:31:14 +0000  7079 bytes for ./assets/app/res/images/Report/boarderInnerShadow@2x.png
2018-01-10 03:31:14 +0000  copying file ./assets/app/res/images/Report/Affair/report_history.png ... 
2018-01-10 03:31:14 +0000  3270 bytes for ./assets/app/res/images/Report/Affair/report_history.png
2018-01-10 03:31:14 +0000  copying file ./assets/app/res/images/Report/Affair/report_warn.png ... 
2018-01-10 03:31:14 +0000  2630 bytes for ./assets/app/res/images/Report/Affair/report_warn.png
2018-01-10 03:31:14 +0000  copying file ./assets/app/res/images/Report/Affair/report_rise.png ... 
2018-01-10 03:31:14 +0000  4787 bytes for ./assets/app/res/images/Report/Affair/report_rise.png
2018-01-10 03:31:14 +0000  copying file ./assets/app/res/images/Report/ReportDetail/report_detail_target@2x.png ... 
2018-01-10 03:31:14 +0000  3632 bytes for ./assets/app/res/images/Report/ReportDetail/report_detail_target@2x.png
2018-01-10 03:31:14 +0000  copying file ./assets/app/res/images/Report/ReportDetail/report_rise@2x.png ... 
2018-01-10 03:31:14 +0000  1252 bytes for ./assets/app/res/images/Report/ReportDetail/report_rise@2x.png
copying file ./assets/app/res/images/Report/ReportDetail/report_month_select@2x.png ... 
2018-01-10 03:31:14 +0000  2870 bytes for ./assets/app/res/images/Report/ReportDetail/report_month_select@2x.png
2018-01-10 03:31:14 +0000  copying file ./assets/app/res/images/Report/ReportDetail/report_switch@2x.png ... 
2018-01-10 03:31:14 +0000  1822 bytes for ./assets/app/res/images/Report/ReportDetail/report_switch@2x.png
2018-01-10 03:31:14 +0000  copying file ./assets/app/res/images/Report/ReportDetail/report_decline@2x.png ... 
2018-01-10 03:31:14 +0000  1242 bytes for ./assets/app/res/images/Report/ReportDetail/report_decline@2x.png
2018-01-10 03:31:14 +0000  copying file ./assets/app/res/images/Report/ReportDetail/report_month_unselect@2x.png ... 
2018-01-10 03:31:14 +0000  4202 bytes for ./assets/app/res/images/Report/ReportDetail/report_month_unselect@2x.png
copying file ./assets/app/res/images/Report/ReportDetail/watermask2@2x.png ... 
2018-01-10 03:31:14 +0000  4581 bytes for ./assets/app/res/images/Report/ReportDetail/watermask2@2x.png
2018-01-10 03:31:14 +0000  copying file ./assets/app/res/images/Report/ReportDetail/report_dark_month_unselect@2x.png ... 
2018-01-10 03:31:14 +0000  3986 bytes for ./assets/app/res/images/Report/ReportDetail/report_dark_month_unselect@2x.png
2018-01-10 03:31:14 +0000  copying file ./assets/app/res/images/Report/ReportDetail/report_local@2x.png ... 
2018-01-10 03:31:14 +0000  1825 bytes for ./assets/app/res/images/Report/ReportDetail/report_local@2x.png
2018-01-10 03:31:14 +0000  copying file ./assets/app/res/images/Report/ReportDetail/report_local_white@2x.png ... 
2018-01-10 03:31:14 +0000  15610 bytes for ./assets/app/res/images/Report/ReportDetail/report_local_white@2x.png
copying file ./assets/app/res/images/Report/ReportDetail/report_dark_day_unselect@2x.png ... 
2018-01-10 03:31:14 +0000  3851 bytes for ./assets/app/res/images/Report/ReportDetail/report_dark_day_unselect@2x.png
2018-01-10 03:31:14 +0000  copying file ./assets/app/res/images/Report/ReportDetail/report_icon_down@2x.png ... 
2018-01-10 03:31:14 +0000  2851 bytes for ./assets/app/res/images/Report/ReportDetail/report_icon_down@2x.png
copying file ./assets/app/res/images/Report/ReportDetail/report_date_white@2x.png ... 
2018-01-10 03:31:14 +0000  15609 bytes for ./assets/app/res/images/Report/ReportDetail/report_date_white@2x.png
2018-01-10 03:31:14 +0000  copying file ./assets/app/res/images/Report/ReportDetail/report_arrow_down_white@2x.png ... 
2018-01-10 03:31:14 +0000  1300 bytes for ./assets/app/res/images/Report/ReportDetail/report_arrow_down_white@2x.png
2018-01-10 03:31:14 +0000  copying file ./assets/app/res/images/Report/ReportDetail/report_arrow_down@2x.png ... 
2018-01-10 03:31:14 +0000  1355 bytes for ./assets/app/res/images/Report/ReportDetail/report_arrow_down@2x.png
2018-01-10 03:31:14 +0000  copying file ./assets/app/res/images/Report/ReportDetail/report_latn@2x.png ... 
2018-01-10 03:31:14 +0000  1974 bytes for ./assets/app/res/images/Report/ReportDetail/report_latn@2x.png
2018-01-10 03:31:14 +0000  copying file ./assets/app/res/images/Report/ReportDetail/report_day_select@2x.png ... 
2018-01-10 03:31:14 +0000  2717 bytes for ./assets/app/res/images/Report/ReportDetail/report_day_select@2x.png
copying file ./assets/app/res/images/Report/ReportDetail/report_icon_up@2x.png ... 
2018-01-10 03:31:14 +0000  2868 bytes for ./assets/app/res/images/Report/ReportDetail/report_icon_up@2x.png
2018-01-10 03:31:14 +0000  copying file ./assets/app/res/images/Report/ReportDetail/report_latn_white@2x.png ... 
2018-01-10 03:31:14 +0000  15704 bytes for ./assets/app/res/images/Report/ReportDetail/report_latn_white@2x.png
2018-01-10 03:31:14 +0000  copying file ./assets/app/res/images/Report/ReportDetail/report_date@2x.png ... 
2018-01-10 03:31:14 +0000  1824 bytes for ./assets/app/res/images/Report/ReportDetail/report_date@2x.png
2018-01-10 03:31:14 +0000  copying file ./assets/app/res/images/Report/ReportDetail/report_day_unselect@2x.png ... 
2018-01-10 03:31:14 +0000  4118 bytes for ./assets/app/res/images/Report/ReportDetail/report_day_unselect@2x.png
2018-01-10 03:31:14 +0000  copying file ./assets/app/res/images/Login/login_bg@2x.png ... 
2018-01-10 03:31:14 +0000  839875 bytes for ./assets/app/res/images/Login/login_bg@2x.png
2018-01-10 03:31:14 +0000  copying file ./assets/app/res/images/Login/login_pwd@2x.png ... 
1481 bytes for ./assets/app/res/images/Login/login_pwd@2x.png
copying file ./assets/app/res/images/Login/login_user@2x.png ... 
1775 bytes for ./assets/app/res/images/Login/login_user@2x.png
copying file ./assets/app/res/images/Login/login_button@2x.png ... 
2018-01-10 03:31:14 +0000  1644 bytes for ./assets/app/res/images/Login/login_button@2x.png
copying file ./assets/app/res/images/Login/login_logo@2x.png ... 
2018-01-10 03:31:14 +0000  3250 bytes for ./assets/app/res/images/Login/login_logo@2x.png
2018-01-10 03:31:14 +0000  copying file ./assets/app/components/chart/native-echarts/src/components/Echarts/tpl.html ... 
2018-01-10 03:31:14 +0000  778663 bytes for ./assets/app/components/chart/native-echarts/src/components/Echarts/tpl.html
2018-01-10 03:31:14 +0000  copying file ./assets/node_modules/react-navigation/src/views/assets/back-icon@3x.png ... 
2018-01-10 03:31:14 +0000  534 bytes for ./assets/node_modules/react-navigation/src/views/assets/back-icon@3x.png
2018-01-10 03:31:14 +0000  copying file ./assets/node_modules/react-navigation/src/views/assets/back-icon@2x.png ... 
2018-01-10 03:31:14 +0000  623 bytes for ./assets/node_modules/react-navigation/src/views/assets/back-icon@2x.png
2018-01-10 03:31:14 +0000  copying file ./assets/node_modules/react-navigation/src/views/assets/back-icon.png ... 
2018-01-10 03:31:14 +0000  379 bytes for ./assets/node_modules/react-navigation/src/views/assets/back-icon.png
2018-01-10 03:31:14 +0000  copying file ./assets/node_modules/antd-mobile/lib/toast/images/fail@3x.png ... 
2018-01-10 03:31:14 +0000  3715 bytes for ./assets/node_modules/antd-mobile/lib/toast/images/fail@3x.png
2018-01-10 03:31:14 +0000  copying file ./assets/node_modules/antd-mobile/lib/toast/images/fail@2x.png ... 
2018-01-10 03:31:14 +0000  2640 bytes for ./assets/node_modules/antd-mobile/lib/toast/images/fail@2x.png
copying file ./assets/node_modules/antd-mobile/lib/toast/images/offline@3x.png ... 
2018-01-10 03:31:14 +0000  3920 bytes for ./assets/node_modules/antd-mobile/lib/toast/images/offline@3x.png
2018-01-10 03:31:14 +0000  copying file ./assets/node_modules/antd-mobile/lib/toast/images/success@2x.png ... 
2018-01-10 03:31:14 +0000  3120 bytes for ./assets/node_modules/antd-mobile/lib/toast/images/success@2x.png
2018-01-10 03:31:14 +0000  copying file ./assets/node_modules/antd-mobile/lib/toast/images/success@3x.png ... 
2018-01-10 03:31:14 +0000  4200 bytes for ./assets/node_modules/antd-mobile/lib/toast/images/success@3x.png
2018-01-10 03:31:14 +0000  copying file ./assets/node_modules/antd-mobile/lib/toast/images/offline@2x.png ... 
2018-01-10 03:31:14 +0000  3188 bytes for ./assets/node_modules/antd-mobile/lib/toast/images/offline@2x.png
2018-01-10 03:31:14 +0000  copying file ./assets/node_modules/react-native-elements/src/rating/images/bell.png ... 
2018-01-10 03:31:14 +0000  2989 bytes for ./assets/node_modules/react-native-elements/src/rating/images/bell.png
copying file ./assets/node_modules/react-native-elements/src/rating/images/heart.png ... 
2018-01-10 03:31:14 +0000  1928 bytes for ./assets/node_modules/react-native-elements/src/rating/images/heart.png
2018-01-10 03:31:14 +0000  copying file ./assets/node_modules/react-native-elements/src/rating/images/rocket.png ... 
2018-01-10 03:31:14 +0000  4050 bytes for ./assets/node_modules/react-native-elements/src/rating/images/rocket.png
2018-01-10 03:31:14 +0000  copying file ./assets/node_modules/react-native-elements/src/rating/images/star.png ... 
2018-01-10 03:31:14 +0000  1961 bytes for ./assets/node_modules/react-native-elements/src/rating/images/star.png
2018-01-10 03:31:14 +0000  copying file ./Info.plist ... 
2018-01-10 03:31:14 +0000  2738 bytes for ./Info.plist
copying file ./PkgInfo ... 
2018-01-10 03:31:14 +0000  8 bytes for ./PkgInfo
2018-01-10 03:31:14 +0000  copying file ./MaterialIcons.ttf ... 
2018-01-10 03:31:14 +0000  128180 bytes for ./MaterialIcons.ttf
2018-01-10 03:31:14 +0000  
2018-01-10 03:31:14 +0000  2018-01-10 03:31:14 +0000  /usr/bin/ditto exited with 0

2018-01-10 03:31:14 +0000  2018-01-10 03:31:14 +0000  

2018-01-10 03:31:14 +0000  Processing step: IDEDistributionEmbedProfileStep
2018-01-10 03:31:14 +0000  Processing step: IDEDistributionAppThinningPlistStep
2018-01-10 03:31:14 +0000  Skipping step: IDEDistributionAppThinningPlistStep because it said so
2018-01-10 03:31:14 +0000  Processing step: IDEDistributionCompileBitcodeStep
2018-01-10 03:31:14 +0000  Skipping step: IDEDistributionCompileBitcodeStep because it said so
2018-01-10 03:31:14 +0000  Processing step: IDEDistributionCodeSlimmingStep
2018-01-10 03:31:14 +0000  Processing step: IDEDistributionCopyBCSymbolMapsStep
2018-01-10 03:31:14 +0000  Skipping step: IDEDistributionCopyBCSymbolMapsStep because it said so
2018-01-10 03:31:14 +0000  Processing step: IDEDistributionSymbolsStep
2018-01-10 03:31:14 +0000  Skipping step: IDEDistributionSymbolsStep because it said so
2018-01-10 03:31:14 +0000  Processing step: IDEDistributionAppThinningStep
2018-01-10 03:31:14 +0000  Skipping step: IDEDistributionAppThinningStep because it said so
2018-01-10 03:31:14 +0000  Processing step: IDEDistributionODRStep
2018-01-10 03:31:14 +0000  Processing step: IDEDistributionStripXattrsStep
2018-01-10 03:31:14 +0000  Running /usr/bin/xattr '-crs' '/var/folders/fz/s6936ywn5n5grmvj3053_fww0000gp/T/XcodeDistPipeline.ml4/Root/Payload/DvaStarter.app'
2018-01-10 03:31:14 +0000  
2018-01-10 03:31:14 +0000  2018-01-10 03:31:14 +0000  /usr/bin/xattr exited with 0

2018-01-10 03:31:14 +0000  
2018-01-10 03:31:14 +0000  Processing step: IDEDistributionCodesignStep
2018-01-10 03:31:14 +0000  Applying entitlements delta for <IDEDistributionItem: 0x7fa4c207c060 'com.tydic.tibetairline.passwordmanage' '<DVTFilePath:0x7fa4a536f830:'/Users/lihaoran/Library/Developer/Xcode/Archives/2018-01-10/DvaStarter 10-01-2018, 11.19 AM.xcarchive/Products/Applications/DvaStarter.app'>'> from <IDEiCloudEntitlementsProcessor: 0x7fa4924266d0>: {
}
2018-01-10 03:31:14 +0000  Entitlements for <IDEDistributionItem: 0x7fa4c207c060 'com.tydic.tibetairline.passwordmanage' '<DVTFilePath:0x7fa4a536f830:'/Users/lihaoran/Library/Developer/Xcode/Archives/2018-01-10/DvaStarter 10-01-2018, 11.19 AM.xcarchive/Products/Applications/DvaStarter.app'>'>: {
    "application-identifier" = "LA39SL2BKA.com.tydic.tibetairline.passwordmanage";
    "aps-environment" = production;
    "com.apple.developer.team-identifier" = LA39SL2BKA;
    "get-task-allow" = 0;
}
2018-01-10 03:31:14 +0000  Writing entitlements for <IDEDistributionItem: 0x7fa4c207c060 'com.tydic.tibetairline.passwordmanage' '<DVTFilePath:0x7fa4a536f830:'/Users/lihaoran/Library/Developer/Xcode/Archives/2018-01-10/DvaStarter 10-01-2018, 11.19 AM.xcarchive/Products/Applications/DvaStarter.app'>'> to: /var/folders/fz/s6936ywn5n5grmvj3053_fww0000gp/T/XcodeDistPipeline.ml4/entitlementsUtr3hM
2018-01-10 03:31:14 +0000  Running /usr/bin/codesign '-vvv' '--force' '--sign' '787E839A8F0F2FFA6FBFBBF2B5F4BB914BD67050' '--preserve-metadata=identifier,flags' '--entitlements' '/var/folders/fz/s6936ywn5n5grmvj3053_fww0000gp/T/XcodeDistPipeline.ml4/entitlementsUtr3hM' '/var/folders/fz/s6936ywn5n5grmvj3053_fww0000gp/T/XcodeDistPipeline.ml4/Root/Payload/DvaStarter.app'
2018-01-10 03:31:14 +0000  /var/folders/fz/s6936ywn5n5grmvj3053_fww0000gp/T/XcodeDistPipeline.ml4/Root/Payload/DvaStarter.app: replacing existing signature
2018-01-10 03:31:19 +0000  /var/folders/fz/s6936ywn5n5grmvj3053_fww0000gp/T/XcodeDistPipeline.ml4/Root/Payload/DvaStarter.app: signed app bundle with Mach-O universal (armv7 arm64) [com.tydic.tibetairline.passwordmanage]
2018-01-10 03:31:19 +0000  2018-01-10 03:31:19 +0000  

2018-01-10 03:31:19 +0000  
2018-01-10 03:31:19 +0000  
2018-01-10 03:31:19 +0000  
2018-01-10 03:31:19 +0000  2018-01-10 03:31:19 +0000  /usr/bin/codesign exited with 02018-01-10 03:31:19 +0000  


2018-01-10 03:31:19 +0000  Processing step: IDEDistributionStreamingZipItemStep
2018-01-10 03:31:19 +0000  Skipping step: IDEDistributionStreamingZipItemStep because it said so
2018-01-10 03:31:19 +0000  Processing step: IDEDistributionCreateIPAStep
2018-01-10 03:31:19 +0000  Running /usr/bin/ditto '-V' '-c' '-k' '--norsrc' '/var/folders/fz/s6936ywn5n5grmvj3053_fww0000gp/T/XcodeDistPipeline.ml4/Root' '/var/folders/fz/s6936ywn5n5grmvj3053_fww0000gp/T/XcodeDistPipeline.ml4/Packages/DvaStarter.ipa'
2018-01-10 03:31:19 +0000  >>> Copying /var/folders/fz/s6936ywn5n5grmvj3053_fww0000gp/T/XcodeDistPipeline.ml4/Root 
2018-01-10 03:31:19 +0000  copying file ./Payload/DvaStarter.app/_CodeSignature/CodeResources ... 
2018-01-10 03:31:19 +0000  38327 bytes for ./Payload/DvaStarter.app/_CodeSignature/CodeResources
2018-01-10 03:31:19 +0000  copying file ./Payload/DvaStarter.app/Octicons.ttf ... 
2018-01-10 03:31:19 +0000  27512 bytes for ./Payload/DvaStarter.app/Octicons.ttf
2018-01-10 03:31:19 +0000  copying file ./Payload/DvaStarter.app/Feather.ttf ... 
2018-01-10 03:31:19 +0000  41648 bytes for ./Payload/DvaStarter.app/Feather.ttf
2018-01-10 03:31:19 +0000  copying file ./Payload/DvaStarter.app/Entypo.ttf ... 
2018-01-10 03:31:19 +0000  65584 bytes for ./Payload/DvaStarter.app/Entypo.ttf
2018-01-10 03:31:19 +0000  copying file ./Payload/DvaStarter.app/MaterialCommunityIcons.ttf ... 
2018-01-10 03:31:19 +0000  292556 bytes for ./Payload/DvaStarter.app/MaterialCommunityIcons.ttf
copying file ./Payload/DvaStarter.app/Foundation.ttf ... 
2018-01-10 03:31:19 +0000  56976 bytes for ./Payload/DvaStarter.app/Foundation.ttf
copying file ./Payload/DvaStarter.app/Ionicons.ttf ... 
2018-01-10 03:31:19 +0000  143936 bytes for ./Payload/DvaStarter.app/Ionicons.ttf
copying file ./Payload/DvaStarter.app/AppIcon60x60@3x.png ... 
2018-01-10 03:31:19 +0000  14881 bytes for ./Payload/DvaStarter.app/AppIcon60x60@3x.png
2018-01-10 03:31:19 +0000  copying file ./Payload/DvaStarter.app/Base.lproj/LaunchScreen.nib ... 
2018-01-10 03:31:19 +0000  1658 bytes for ./Payload/DvaStarter.app/Base.lproj/LaunchScreen.nib
copying file ./Payload/DvaStarter.app/FontAwesome.ttf ... 
2018-01-10 03:31:19 +0000  165548 bytes for ./Payload/DvaStarter.app/FontAwesome.ttf
copying file ./Payload/DvaStarter.app/archived-expanded-entitlements.xcent ... 
2018-01-10 03:31:19 +0000  246 bytes for ./Payload/DvaStarter.app/archived-expanded-entitlements.xcent
copying file ./Payload/DvaStarter.app/Zocial.ttf ... 
2018-01-10 03:31:19 +0000  25552 bytes for ./Payload/DvaStarter.app/Zocial.ttf
2018-01-10 03:31:19 +0000  copying file ./Payload/DvaStarter.app/DvaStarter ... 
2018-01-10 03:31:19 +0000  6412064 bytes for ./Payload/DvaStarter.app/DvaStarter
2018-01-10 03:31:19 +0000  copying file ./Payload/DvaStarter.app/Assets.car ... 
2018-01-10 03:31:19 +0000  56728 bytes for ./Payload/DvaStarter.app/Assets.car
2018-01-10 03:31:19 +0000  copying file ./Payload/DvaStarter.app/main.jsbundle.meta ... 
21 bytes for ./Payload/DvaStarter.app/main.jsbundle.meta
copying file ./Payload/DvaStarter.app/EvilIcons.ttf ... 
2018-01-10 03:31:19 +0000  13128 bytes for ./Payload/DvaStarter.app/EvilIcons.ttf
2018-01-10 03:31:19 +0000  copying file ./Payload/DvaStarter.app/main.jsbundle ... 
2018-01-10 03:31:19 +0000  2018712 bytes for ./Payload/DvaStarter.app/main.jsbundle
2018-01-10 03:31:19 +0000  copying file ./Payload/DvaStarter.app/SimpleLineIcons.ttf ... 
2018-01-10 03:31:19 +0000  54056 bytes for ./Payload/DvaStarter.app/SimpleLineIcons.ttf
2018-01-10 03:31:19 +0000  copying file ./Payload/DvaStarter.app/embedded.mobileprovision ... 
2018-01-10 03:31:19 +0000  9503 bytes for ./Payload/DvaStarter.app/embedded.mobileprovision
2018-01-10 03:31:19 +0000  copying file ./Payload/DvaStarter.app/assets/app/res/images/Home/home_bg@2x.png ... 
2018-01-10 03:31:19 +0000  10270 bytes for ./Payload/DvaStarter.app/assets/app/res/images/Home/home_bg@2x.png
2018-01-10 03:31:19 +0000  copying file ./Payload/DvaStarter.app/assets/app/res/images/Home/up@2x.png ... 
2018-01-10 03:31:19 +0000  1775 bytes for ./Payload/DvaStarter.app/assets/app/res/images/Home/up@2x.png
copying file ./Payload/DvaStarter.app/assets/app/res/images/Home/home_income@2x.png ... 
2018-01-10 03:31:19 +0000  1528 bytes for ./Payload/DvaStarter.app/assets/app/res/images/Home/home_income@2x.png
copying file ./Payload/DvaStarter.app/assets/app/res/images/Home/home_message@2x.png ... 
2018-01-10 03:31:19 +0000  1940 bytes for ./Payload/DvaStarter.app/assets/app/res/images/Home/home_message@2x.png
copying file ./Payload/DvaStarter.app/assets/app/res/images/Home/Delete.png ... 
2018-01-10 03:31:19 +0000  2512 bytes for ./Payload/DvaStarter.app/assets/app/res/images/Home/Delete.png
2018-01-10 03:31:19 +0000  copying file ./Payload/DvaStarter.app/assets/app/res/images/Home/home_accumulate@2x.png ... 
2018-01-10 03:31:19 +0000  1779 bytes for ./Payload/DvaStarter.app/assets/app/res/images/Home/home_accumulate@2x.png
copying file ./Payload/DvaStarter.app/assets/app/res/images/Comment/comment_unselected@2x.png ... 
2018-01-10 03:31:19 +0000  1115 bytes for ./Payload/DvaStarter.app/assets/app/res/images/Comment/comment_unselected@2x.png
2018-01-10 03:31:19 +0000  copying file ./Payload/DvaStarter.app/assets/app/res/images/Comment/star_select_l@2x.png ... 
2018-01-10 03:31:19 +0000  1793 bytes for ./Payload/DvaStarter.app/assets/app/res/images/Comment/star_select_l@2x.png
copying file ./Payload/DvaStarter.app/assets/app/res/images/Comment/star_unselect_l@2x.png ... 
2018-01-10 03:31:19 +0000  2320 bytes for ./Payload/DvaStarter.app/assets/app/res/images/Comment/star_unselect_l@2x.png
copying file ./Payload/DvaStarter.app/assets/app/res/images/Comment/comment_selected@2x.png ... 
2018-01-10 03:31:19 +0000  1461 bytes for ./Payload/DvaStarter.app/assets/app/res/images/Comment/comment_selected@2x.png
copying file ./Payload/DvaStarter.app/assets/app/res/images/Comment/comment_header@2x.png ... 
2018-01-10 03:31:19 +0000  1569 bytes for ./Payload/DvaStarter.app/assets/app/res/images/Comment/comment_header@2x.png
2018-01-10 03:31:19 +0000  copying file ./Payload/DvaStarter.app/assets/app/res/images/Comment/star_unselect_s@2x.png ... 
2018-01-10 03:31:19 +0000  1667 bytes for ./Payload/DvaStarter.app/assets/app/res/images/Comment/star_unselect_s@2x.png
copying file ./Payload/DvaStarter.app/assets/app/res/images/Comment/index_comment@2x.png ... 
2018-01-10 03:31:19 +0000  8739 bytes for ./Payload/DvaStarter.app/assets/app/res/images/Comment/index_comment@2x.png
2018-01-10 03:31:19 +0000  copying file ./Payload/DvaStarter.app/assets/app/res/images/Comment/star_select_s@2x.png ... 
2018-01-10 03:31:19 +0000  1491 bytes for ./Payload/DvaStarter.app/assets/app/res/images/Comment/star_select_s@2x.png
2018-01-10 03:31:19 +0000  copying file ./Payload/DvaStarter.app/assets/app/res/images/Figure/FigureDetail/uncollection@2x.png ... 
2018-01-10 03:31:19 +0000  1679 bytes for ./Payload/DvaStarter.app/assets/app/res/images/Figure/FigureDetail/uncollection@2x.png
copying file ./Payload/DvaStarter.app/assets/app/res/images/Figure/FigureDetail/explain@2x.png ... 
2018-01-10 03:31:19 +0000  1787 bytes for ./Payload/DvaStarter.app/assets/app/res/images/Figure/FigureDetail/explain@2x.png
2018-01-10 03:31:19 +0000  copying file ./Payload/DvaStarter.app/assets/app/res/images/Figure/FigureDetail/collection@2x.png ... 
2018-01-10 03:31:19 +0000  1789 bytes for ./Payload/DvaStarter.app/assets/app/res/images/Figure/FigureDetail/collection@2x.png
2018-01-10 03:31:19 +0000  copying file ./Payload/DvaStarter.app/assets/app/res/images/Tab/tab_profile_unselect@2x.png ... 
2018-01-10 03:31:19 +0000  1890 bytes for ./Payload/DvaStarter.app/assets/app/res/images/Tab/tab_profile_unselect@2x.png
copying file ./Payload/DvaStarter.app/assets/app/res/images/Tab/tab_home_select@2x.png ... 
2018-01-10 03:31:19 +0000  15141 bytes for ./Payload/DvaStarter.app/assets/app/res/images/Tab/tab_home_select@2x.png
2018-01-10 03:31:19 +0000  copying file ./Payload/DvaStarter.app/assets/app/res/images/Tab/tab_report_unselect@2x.png ... 
2018-01-10 03:31:19 +0000  1974 bytes for ./Payload/DvaStarter.app/assets/app/res/images/Tab/tab_report_unselect@2x.png
copying file ./Payload/DvaStarter.app/assets/app/res/images/Tab/tab_profile_select@2x.png ... 
2018-01-10 03:31:19 +0000  15118 bytes for ./Payload/DvaStarter.app/assets/app/res/images/Tab/tab_profile_select@2x.png
2018-01-10 03:31:19 +0000  copying file ./Payload/DvaStarter.app/assets/app/res/images/Tab/tab_report_select@2x.png ... 
2018-01-10 03:31:19 +0000  1656 bytes for ./Payload/DvaStarter.app/assets/app/res/images/Tab/tab_report_select@2x.png
copying file ./Payload/DvaStarter.app/assets/app/res/images/Tab/tab_group_select@2x.png ... 
2018-01-10 03:31:19 +0000  1388 bytes for ./Payload/DvaStarter.app/assets/app/res/images/Tab/tab_group_select@2x.png
copying file ./Payload/DvaStarter.app/assets/app/res/images/Tab/tab_group_unselect@2x.png ... 
2018-01-10 03:31:19 +0000  1543 bytes for ./Payload/DvaStarter.app/assets/app/res/images/Tab/tab_group_unselect@2x.png
2018-01-10 03:31:19 +0000  copying file ./Payload/DvaStarter.app/assets/app/res/images/Tab/tab_home_unselect@2x.png ... 
2018-01-10 03:31:19 +0000  1596 bytes for ./Payload/DvaStarter.app/assets/app/res/images/Tab/tab_home_unselect@2x.png
2018-01-10 03:31:19 +0000  copying file ./Payload/DvaStarter.app/assets/app/res/images/Profile/profile_clear@2x.png ... 
2018-01-10 03:31:19 +0000  2352 bytes for ./Payload/DvaStarter.app/assets/app/res/images/Profile/profile_clear@2x.png
copying file ./Payload/DvaStarter.app/assets/app/res/images/Profile/profile_gesture@2x.png ... 
2018-01-10 03:31:19 +0000  2590 bytes for ./Payload/DvaStarter.app/assets/app/res/images/Profile/profile_gesture@2x.png
2018-01-10 03:31:19 +0000  copying file ./Payload/DvaStarter.app/assets/app/res/images/Profile/profile_version@2x.png ... 
2249 bytes for ./Payload/DvaStarter.app/assets/app/res/images/Profile/profile_version@2x.png
copying file ./Payload/DvaStarter.app/assets/app/res/images/Profile/profile_user@2x.png ... 
2018-01-10 03:31:19 +0000  1777 bytes for ./Payload/DvaStarter.app/assets/app/res/images/Profile/profile_user@2x.png
2018-01-10 03:31:19 +0000  copying file ./Payload/DvaStarter.app/assets/app/res/images/Mine/qr_code@2x.png ... 
2018-01-10 03:31:19 +0000  14281 bytes for ./Payload/DvaStarter.app/assets/app/res/images/Mine/qr_code@2x.png
2018-01-10 03:31:19 +0000  copying file ./Payload/DvaStarter.app/assets/app/res/images/Mine/gesture_back@2x.png ... 
2018-01-10 03:31:19 +0000  1481 bytes for ./Payload/DvaStarter.app/assets/app/res/images/Mine/gesture_back@2x.png
copying file ./Payload/DvaStarter.app/assets/app/res/images/Mine/mine_version@2x.png ... 
2018-01-10 03:31:19 +0000  18329 bytes for ./Payload/DvaStarter.app/assets/app/res/images/Mine/mine_version@2x.png
2018-01-10 03:31:19 +0000  copying file ./Payload/DvaStarter.app/assets/app/res/images/Mine/gesture_password@2x.png ... 
2018-01-10 03:31:19 +0000  25665 bytes for ./Payload/DvaStarter.app/assets/app/res/images/Mine/gesture_password@2x.png
2018-01-10 03:31:19 +0000  copying file ./Payload/DvaStarter.app/assets/app/res/images/Report/cellBoarderInnerShadow@2x.png ... 
2018-01-10 03:31:19 +0000  5735 bytes for ./Payload/DvaStarter.app/assets/app/res/images/Report/cellBoarderInnerShadow@2x.png
2018-01-10 03:31:19 +0000  copying file ./Payload/DvaStarter.app/assets/app/res/images/Report/Alarm/alarm_detail@2x.png ... 
2018-01-10 03:31:19 +0000  4696 bytes for ./Payload/DvaStarter.app/assets/app/res/images/Report/Alarm/alarm_detail@2x.png
2018-01-10 03:31:19 +0000  copying file ./Payload/DvaStarter.app/assets/app/res/images/Report/Alarm/alarm_high@2x.png ... 
2018-01-10 03:31:19 +0000  3180 bytes for ./Payload/DvaStarter.app/assets/app/res/images/Report/Alarm/alarm_high@2x.png
copying file ./Payload/DvaStarter.app/assets/app/res/images/Report/Alarm/alarm@2x.png ... 
2018-01-10 03:31:19 +0000  2900 bytes for ./Payload/DvaStarter.app/assets/app/res/images/Report/Alarm/alarm@2x.png
2018-01-10 03:31:19 +0000  copying file ./Payload/DvaStarter.app/assets/app/res/images/Report/Alarm/alarm_low@2x.png ... 
2018-01-10 03:31:19 +0000  3580 bytes for ./Payload/DvaStarter.app/assets/app/res/images/Report/Alarm/alarm_low@2x.png
copying file ./Payload/DvaStarter.app/assets/app/res/images/Report/Alarm/alarm_zero@2x.png ... 
2018-01-10 03:31:19 +0000  3788 bytes for ./Payload/DvaStarter.app/assets/app/res/images/Report/Alarm/alarm_zero@2x.png
2018-01-10 03:31:19 +0000  copying file ./Payload/DvaStarter.app/assets/app/res/images/Report/boarderInnerShadow@2x.png ... 
2018-01-10 03:31:19 +0000  7079 bytes for ./Payload/DvaStarter.app/assets/app/res/images/Report/boarderInnerShadow@2x.png
2018-01-10 03:31:19 +0000  copying file ./Payload/DvaStarter.app/assets/app/res/images/Report/Affair/report_history.png ... 
2018-01-10 03:31:19 +0000  3270 bytes for ./Payload/DvaStarter.app/assets/app/res/images/Report/Affair/report_history.png
2018-01-10 03:31:19 +0000  copying file ./Payload/DvaStarter.app/assets/app/res/images/Report/Affair/report_warn.png ... 
2018-01-10 03:31:19 +0000  2630 bytes for ./Payload/DvaStarter.app/assets/app/res/images/Report/Affair/report_warn.png
copying file ./Payload/DvaStarter.app/assets/app/res/images/Report/Affair/report_rise.png ... 
2018-01-10 03:31:19 +0000  4787 bytes for ./Payload/DvaStarter.app/assets/app/res/images/Report/Affair/report_rise.png
2018-01-10 03:31:19 +0000  copying file ./Payload/DvaStarter.app/assets/app/res/images/Report/ReportDetail/report_detail_target@2x.png ... 
2018-01-10 03:31:19 +0000  3632 bytes for ./Payload/DvaStarter.app/assets/app/res/images/Report/ReportDetail/report_detail_target@2x.png
2018-01-10 03:31:19 +0000  copying file ./Payload/DvaStarter.app/assets/app/res/images/Report/ReportDetail/report_rise@2x.png ... 
2018-01-10 03:31:19 +0000  1252 bytes for ./Payload/DvaStarter.app/assets/app/res/images/Report/ReportDetail/report_rise@2x.png
copying file ./Payload/DvaStarter.app/assets/app/res/images/Report/ReportDetail/report_month_select@2x.png ... 
2018-01-10 03:31:19 +0000  2870 bytes for ./Payload/DvaStarter.app/assets/app/res/images/Report/ReportDetail/report_month_select@2x.png
copying file ./Payload/DvaStarter.app/assets/app/res/images/Report/ReportDetail/report_switch@2x.png ... 
2018-01-10 03:31:19 +0000  1822 bytes for ./Payload/DvaStarter.app/assets/app/res/images/Report/ReportDetail/report_switch@2x.png
copying file ./Payload/DvaStarter.app/assets/app/res/images/Report/ReportDetail/report_decline@2x.png ... 
2018-01-10 03:31:19 +0000  1242 bytes for ./Payload/DvaStarter.app/assets/app/res/images/Report/ReportDetail/report_decline@2x.png
2018-01-10 03:31:19 +0000  copying file ./Payload/DvaStarter.app/assets/app/res/images/Report/ReportDetail/report_month_unselect@2x.png ... 
2018-01-10 03:31:19 +0000  4202 bytes for ./Payload/DvaStarter.app/assets/app/res/images/Report/ReportDetail/report_month_unselect@2x.png
copying file ./Payload/DvaStarter.app/assets/app/res/images/Report/ReportDetail/watermask2@2x.png ... 
2018-01-10 03:31:19 +0000  4581 bytes for ./Payload/DvaStarter.app/assets/app/res/images/Report/ReportDetail/watermask2@2x.png
2018-01-10 03:31:19 +0000  copying file ./Payload/DvaStarter.app/assets/app/res/images/Report/ReportDetail/report_dark_month_unselect@2x.png ... 
2018-01-10 03:31:19 +0000  3986 bytes for ./Payload/DvaStarter.app/assets/app/res/images/Report/ReportDetail/report_dark_month_unselect@2x.png
copying file ./Payload/DvaStarter.app/assets/app/res/images/Report/ReportDetail/report_local@2x.png ... 
2018-01-10 03:31:19 +0000  1825 bytes for ./Payload/DvaStarter.app/assets/app/res/images/Report/ReportDetail/report_local@2x.png
2018-01-10 03:31:19 +0000  copying file ./Payload/DvaStarter.app/assets/app/res/images/Report/ReportDetail/report_local_white@2x.png ... 
2018-01-10 03:31:19 +0000  15610 bytes for ./Payload/DvaStarter.app/assets/app/res/images/Report/ReportDetail/report_local_white@2x.png
2018-01-10 03:31:19 +0000  copying file ./Payload/DvaStarter.app/assets/app/res/images/Report/ReportDetail/report_dark_day_unselect@2x.png ... 
2018-01-10 03:31:19 +0000  3851 bytes for ./Payload/DvaStarter.app/assets/app/res/images/Report/ReportDetail/report_dark_day_unselect@2x.png
copying file ./Payload/DvaStarter.app/assets/app/res/images/Report/ReportDetail/report_icon_down@2x.png ... 
2018-01-10 03:31:19 +0000  2851 bytes for ./Payload/DvaStarter.app/assets/app/res/images/Report/ReportDetail/report_icon_down@2x.png
2018-01-10 03:31:19 +0000  copying file ./Payload/DvaStarter.app/assets/app/res/images/Report/ReportDetail/report_date_white@2x.png ... 
2018-01-10 03:31:19 +0000  15609 bytes for ./Payload/DvaStarter.app/assets/app/res/images/Report/ReportDetail/report_date_white@2x.png
2018-01-10 03:31:19 +0000  copying file ./Payload/DvaStarter.app/assets/app/res/images/Report/ReportDetail/report_arrow_down_white@2x.png ... 
2018-01-10 03:31:19 +0000  1300 bytes for ./Payload/DvaStarter.app/assets/app/res/images/Report/ReportDetail/report_arrow_down_white@2x.png
copying file ./Payload/DvaStarter.app/assets/app/res/images/Report/ReportDetail/report_arrow_down@2x.png ... 
2018-01-10 03:31:19 +0000  1355 bytes for ./Payload/DvaStarter.app/assets/app/res/images/Report/ReportDetail/report_arrow_down@2x.png
copying file ./Payload/DvaStarter.app/assets/app/res/images/Report/ReportDetail/report_latn@2x.png ... 
2018-01-10 03:31:19 +0000  1974 bytes for ./Payload/DvaStarter.app/assets/app/res/images/Report/ReportDetail/report_latn@2x.png
2018-01-10 03:31:19 +0000  copying file ./Payload/DvaStarter.app/assets/app/res/images/Report/ReportDetail/report_day_select@2x.png ... 
2018-01-10 03:31:19 +0000  2717 bytes for ./Payload/DvaStarter.app/assets/app/res/images/Report/ReportDetail/report_day_select@2x.png
copying file ./Payload/DvaStarter.app/assets/app/res/images/Report/ReportDetail/report_icon_up@2x.png ... 
2018-01-10 03:31:19 +0000  2868 bytes for ./Payload/DvaStarter.app/assets/app/res/images/Report/ReportDetail/report_icon_up@2x.png
copying file ./Payload/DvaStarter.app/assets/app/res/images/Report/ReportDetail/report_latn_white@2x.png ... 
2018-01-10 03:31:19 +0000  15704 bytes for ./Payload/DvaStarter.app/assets/app/res/images/Report/ReportDetail/report_latn_white@2x.png
copying file ./Payload/DvaStarter.app/assets/app/res/images/Report/ReportDetail/report_date@2x.png ... 
2018-01-10 03:31:19 +0000  1824 bytes for ./Payload/DvaStarter.app/assets/app/res/images/Report/ReportDetail/report_date@2x.png
2018-01-10 03:31:19 +0000  copying file ./Payload/DvaStarter.app/assets/app/res/images/Report/ReportDetail/report_day_unselect@2x.png ... 
2018-01-10 03:31:19 +0000  4118 bytes for ./Payload/DvaStarter.app/assets/app/res/images/Report/ReportDetail/report_day_unselect@2x.png
2018-01-10 03:31:19 +0000  copying file ./Payload/DvaStarter.app/assets/app/res/images/Login/login_bg@2x.png ... 
2018-01-10 03:31:19 +0000  839875 bytes for ./Payload/DvaStarter.app/assets/app/res/images/Login/login_bg@2x.png
2018-01-10 03:31:19 +0000  copying file ./Payload/DvaStarter.app/assets/app/res/images/Login/login_pwd@2x.png ... 
1481 bytes for ./Payload/DvaStarter.app/assets/app/res/images/Login/login_pwd@2x.png
copying file ./Payload/DvaStarter.app/assets/app/res/images/Login/login_user@2x.png ... 
2018-01-10 03:31:19 +0000  1775 bytes for ./Payload/DvaStarter.app/assets/app/res/images/Login/login_user@2x.png
copying file ./Payload/DvaStarter.app/assets/app/res/images/Login/login_button@2x.png ... 
2018-01-10 03:31:19 +0000  1644 bytes for ./Payload/DvaStarter.app/assets/app/res/images/Login/login_button@2x.png
2018-01-10 03:31:19 +0000  copying file ./Payload/DvaStarter.app/assets/app/res/images/Login/login_logo@2x.png ... 
2018-01-10 03:31:19 +0000  3250 bytes for ./Payload/DvaStarter.app/assets/app/res/images/Login/login_logo@2x.png
2018-01-10 03:31:19 +0000  copying file ./Payload/DvaStarter.app/assets/app/components/chart/native-echarts/src/components/Echarts/tpl.html ... 
2018-01-10 03:31:19 +0000  778663 bytes for ./Payload/DvaStarter.app/assets/app/components/chart/native-echarts/src/components/Echarts/tpl.html
2018-01-10 03:31:19 +0000  copying file ./Payload/DvaStarter.app/assets/node_modules/react-navigation/src/views/assets/back-icon@3x.png ... 
2018-01-10 03:31:19 +0000  534 bytes for ./Payload/DvaStarter.app/assets/node_modules/react-navigation/src/views/assets/back-icon@3x.png
copying file ./Payload/DvaStarter.app/assets/node_modules/react-navigation/src/views/assets/back-icon@2x.png ... 
2018-01-10 03:31:19 +0000  623 bytes for ./Payload/DvaStarter.app/assets/node_modules/react-navigation/src/views/assets/back-icon@2x.png
copying file ./Payload/DvaStarter.app/assets/node_modules/react-navigation/src/views/assets/back-icon.png ... 
2018-01-10 03:31:19 +0000  379 bytes for ./Payload/DvaStarter.app/assets/node_modules/react-navigation/src/views/assets/back-icon.png
2018-01-10 03:31:19 +0000  copying file ./Payload/DvaStarter.app/assets/node_modules/antd-mobile/lib/toast/images/fail@3x.png ... 
2018-01-10 03:31:19 +0000  3715 bytes for ./Payload/DvaStarter.app/assets/node_modules/antd-mobile/lib/toast/images/fail@3x.png
2018-01-10 03:31:19 +0000  copying file ./Payload/DvaStarter.app/assets/node_modules/antd-mobile/lib/toast/images/fail@2x.png ... 
2018-01-10 03:31:19 +0000  2640 bytes for ./Payload/DvaStarter.app/assets/node_modules/antd-mobile/lib/toast/images/fail@2x.png
copying file ./Payload/DvaStarter.app/assets/node_modules/antd-mobile/lib/toast/images/offline@3x.png ... 
2018-01-10 03:31:19 +0000  3920 bytes for ./Payload/DvaStarter.app/assets/node_modules/antd-mobile/lib/toast/images/offline@3x.png
copying file ./Payload/DvaStarter.app/assets/node_modules/antd-mobile/lib/toast/images/success@2x.png ... 
2018-01-10 03:31:19 +0000  3120 bytes for ./Payload/DvaStarter.app/assets/node_modules/antd-mobile/lib/toast/images/success@2x.png
2018-01-10 03:31:19 +0000  copying file ./Payload/DvaStarter.app/assets/node_modules/antd-mobile/lib/toast/images/success@3x.png ... 
2018-01-10 03:31:19 +0000  4200 bytes for ./Payload/DvaStarter.app/assets/node_modules/antd-mobile/lib/toast/images/success@3x.png
copying file ./Payload/DvaStarter.app/assets/node_modules/antd-mobile/lib/toast/images/offline@2x.png ... 
2018-01-10 03:31:19 +0000  3188 bytes for ./Payload/DvaStarter.app/assets/node_modules/antd-mobile/lib/toast/images/offline@2x.png
2018-01-10 03:31:19 +0000  copying file ./Payload/DvaStarter.app/assets/node_modules/react-native-elements/src/rating/images/bell.png ... 
2018-01-10 03:31:19 +0000  2989 bytes for ./Payload/DvaStarter.app/assets/node_modules/react-native-elements/src/rating/images/bell.png
2018-01-10 03:31:19 +0000  copying file ./Payload/DvaStarter.app/assets/node_modules/react-native-elements/src/rating/images/heart.png ... 
2018-01-10 03:31:19 +0000  1928 bytes for ./Payload/DvaStarter.app/assets/node_modules/react-native-elements/src/rating/images/heart.png
copying file ./Payload/DvaStarter.app/assets/node_modules/react-native-elements/src/rating/images/rocket.png ... 
2018-01-10 03:31:19 +0000  4050 bytes for ./Payload/DvaStarter.app/assets/node_modules/react-native-elements/src/rating/images/rocket.png
2018-01-10 03:31:19 +0000  copying file ./Payload/DvaStarter.app/assets/node_modules/react-native-elements/src/rating/images/star.png ... 
2018-01-10 03:31:19 +0000  1961 bytes for ./Payload/DvaStarter.app/assets/node_modules/react-native-elements/src/rating/images/star.png
2018-01-10 03:31:19 +0000  copying file ./Payload/DvaStarter.app/Info.plist ... 
2018-01-10 03:31:19 +0000  2738 bytes for ./Payload/DvaStarter.app/Info.plist
2018-01-10 03:31:19 +0000  copying file ./Payload/DvaStarter.app/PkgInfo ... 
8 bytes for ./Payload/DvaStarter.app/PkgInfo
copying file ./Payload/DvaStarter.app/MaterialIcons.ttf ... 
2018-01-10 03:31:19 +0000  128180 bytes for ./Payload/DvaStarter.app/MaterialIcons.ttf
2018-01-10 03:31:19 +0000  2018-01-10 03:31:19 +0000  

2018-01-10 03:31:19 +0000  /usr/bin/ditto exited with 0
2018-01-10 03:31:19 +0000  
2018-01-10 03:31:19 +0000  Processing step: IDEDistributionCreateManifestStep
